This file contains any messages produced by compilers while
running configure, to aid debugging if configure makes a mistake.

configure:635: checking host system type
configure:722: checking for gcc
configure:835: checking whether the C compiler (gcc  ) works
configure:851: gcc -o conftest    conftest.c  1>&5
configure:877: checking whether the C compiler (gcc  ) is a cross-compiler
configure:882: checking whether we are using GNU C
configure:891: gcc -E conftest.c
configure:910: checking whether gcc accepts -g
configure:947: checking gcc version
configure:1090: checking for inline
configure:1120: gcc -c -g -O2  conftest.c 1>&5
configure:1148: checking for __attribute__
configure:1171: gcc -c -g -O2  conftest.c 1>&5
configure:1196: checking how to run the C preprocessor
configure:1217: gcc -E  conftest.c >/dev/null 2>conftest.out
configure:1279: checking for fcntl.h
configure:1289: gcc -E  conftest.c >/dev/null 2>conftest.out
configure:1279: checking for rpc/rpcent.h
configure:1289: gcc -E  conftest.c >/dev/null 2>conftest.out
configure:1279: checking for netinet/if_ether.h
configure:1289: gcc -E  conftest.c >/dev/null 2>conftest.out
configure:1279: checking for netdnet/dnetdb.h
configure:1289: gcc -E  conftest.c >/dev/null 2>conftest.out
configure:1279: checking for netinet/ether.h
configure:1289: gcc -E  conftest.c >/dev/null 2>conftest.out
configure:1316: checking whether time.h and sys/time.h may both be included
configure:1330: gcc -c -g -O2  conftest.c 1>&5
configure:1390: checking for smi.h
configure:1400: gcc -E  conftest.c >/dev/null 2>conftest.out
configure:1427: checking for smiInit in -lsmi
configure:1446: gcc -o conftest -g -O2   conftest.c -lsmi   1>&5
configure: failed program was:
#line 1435 "configure"
#include "confdefs.h"
/* Override any gcc2 internal prototype to avoid an error.  */
/* We use char because int might match the return type of a gcc2
    builtin and then its argument prototype would still apply.  */
char smiInit();

int main() {
smiInit()
; return 0; }
configure:1531: checking whether to enable the possibly-buggy SMB printer
configure:1554: checking whether to enable ipv6
configure:1593: gcc -o conftest -g -O2   conftest.c  1>&5
gcc:lib/gcc-lib/amigaos/2.95.3/cpp0 fehlgeschlagen Rückgabewert 33
configure: failed program was:
#line 1579 "configure"
#include "confdefs.h"
 /* AF_INET6 available check */
#include <sys/types.h>
#include <sys/socket.h>
main()
{
 if (socket(AF_INET6, SOCK_STREAM, 0) < 0)
   exit(1);
 else
   exit(0);
}

configure:2062: checking for dnet_htoa declaration in netdnet/dnetdb.h
configure:2092: checking size of char
configure:2111: gcc -o conftest -g -O2   conftest.c  1>&5
configure:2131: checking size of short
configure:2150: gcc -o conftest -g -O2   conftest.c  1>&5
configure:2170: checking size of int
configure:2189: gcc -o conftest -g -O2   conftest.c  1>&5
configure:2209: checking size of long
configure:2228: gcc -o conftest -g -O2   conftest.c  1>&5
configure:2251: checking for addrinfo
configure:2264: gcc -c -g -O2  conftest.c 1>&5
gcc:lib/gcc-lib/amigaos/2.95.3/cpp0 fehlgeschlagen Rückgabewert 33
configure: failed program was:
#line 2256 "configure"
#include "confdefs.h"

#		include <netdb.h>
int main() {
struct addrinfo a
; return 0; }
configure:2295: checking for NI_MAXSERV
configure:2333: checking for NI_NAMEREQD
configure:2371: checking for sockaddr_storage
configure:2385: gcc -c -g -O2  conftest.c 1>&5
gcc:lib/gcc-lib/amigaos/2.95.3/cpp0 fehlgeschlagen Rückgabewert 33
configure: failed program was:
#line 2376 "configure"
#include "confdefs.h"

#		include <sys/types.h>
#		include <sys/socket.h>
int main() {
struct sockaddr_storage s
; return 0; }
configure:2412: checking for INADDRSZ
configure:2425: gcc -c -g -O2  conftest.c 1>&5
gcc:lib/gcc-lib/amigaos/2.95.3/cpp0 fehlgeschlagen Rückgabewert 33
configure: failed program was:
#line 2417 "configure"
#include "confdefs.h"

#		include <arpa/nameser.h>
int main() {
int a = INADDRSZ
; return 0; }
configure:2447: checking for IN6ADDRSZ
configure:2460: gcc -c -g -O2  conftest.c 1>&5
gcc:lib/gcc-lib/amigaos/2.95.3/cpp0 fehlgeschlagen Rückgabewert 33
configure: failed program was:
#line 2452 "configure"
#include "confdefs.h"

#		include <arpa/nameser.h>
int main() {
int a = IN6ADDRSZ
; return 0; }
configure:2488: checking for RES_USE_INET6
configure:2503: gcc -c -g -O2  conftest.c 1>&5
gcc:lib/gcc-lib/amigaos/2.95.3/cpp0 fehlgeschlagen Rückgabewert 33
configure: failed program was:
#line 2493 "configure"
#include "confdefs.h"

#		include <sys/types.h>
#		include <netinet/in.h>
#		include <resolv.h>
int main() {
int a = RES_USE_INET6
; return 0; }
configure:2529: checking for res_state_ext
configure:2545: gcc -c -g -O2  conftest.c 1>&5
gcc:lib/gcc-lib/amigaos/2.95.3/cpp0 fehlgeschlagen Rückgabewert 33
configure: failed program was:
#line 2534 "configure"
#include "confdefs.h"

#		include <sys/types.h>
#		include <netinet/in.h>
#		include <netinet6/in6.h>
#		include <resolv.h>
int main() {
struct __res_state_ext e
; return 0; }
configure:2571: checking for nsort in res_state
configure:2587: gcc -c -g -O2  conftest.c 1>&5
gcc:lib/gcc-lib/amigaos/2.95.3/cpp0 fehlgeschlagen Rückgabewert 33
configure: failed program was:
#line 2576 "configure"
#include "confdefs.h"

#		include <sys/types.h>
#		include <netinet/in.h>
#		include <netinet6/in6.h>
#		include <resolv.h>
int main() {
struct __res_state e; e.nsort = 0
; return 0; }
configure:2617: checking for vfprintf
configure:2645: gcc -o conftest -g -O2  -I$(srcdir)/missing  conftest.c  1>&5
configure:2617: checking for strcasecmp
configure:2645: gcc -o conftest -g -O2  -I$(srcdir)/missing  conftest.c  1>&5
configure:2617: checking for strlcat
configure:2645: gcc -o conftest -g -O2  -I$(srcdir)/missing  conftest.c  1>&5
configure: failed program was:
#line 2622 "configure"
#include "confdefs.h"
/* System header to define __stub macros and hopefully few prototypes,
    which can conflict with char strlcat(); below.  */
#include <assert.h>
/* Override any gcc2 internal prototype to avoid an error.  */
/* We use char because int might match the return type of a gcc2
    builtin and then its argument prototype would still apply.  */
char strlcat();

int main() {

/* The GNU C library defines this for functions which it implements
    to always fail with ENOSYS.  Some functions are actually named
    something starting with __ and the normal name is an alias.  */
#if defined (__stub_strlcat) || defined (__stub___strlcat)
choke me
#else
strlcat();
#endif

; return 0; }
configure:2617: checking for strlcpy
configure:2645: gcc -o conftest -g -O2  -I$(srcdir)/missing  conftest.c  1>&5
configure: failed program was:
#line 2622 "configure"
#include "confdefs.h"
/* System header to define __stub macros and hopefully few prototypes,
    which can conflict with char strlcpy(); below.  */
#include <assert.h>
/* Override any gcc2 internal prototype to avoid an error.  */
/* We use char because int might match the return type of a gcc2
    builtin and then its argument prototype would still apply.  */
char strlcpy();

int main() {

/* The GNU C library defines this for functions which it implements
    to always fail with ENOSYS.  Some functions are actually named
    something starting with __ and the normal name is an alias.  */
#if defined (__stub_strlcpy) || defined (__stub___strlcpy)
choke me
#else
strlcpy();
#endif

; return 0; }
configure:2617: checking for strdup
configure:2645: gcc -o conftest -g -O2  -I$(srcdir)/missing  conftest.c  1>&5
configure:2617: checking for strsep
configure:2645: gcc -o conftest -g -O2  -I$(srcdir)/missing  conftest.c  1>&5
configure: failed program was:
#line 2622 "configure"
#include "confdefs.h"
/* System header to define __stub macros and hopefully few prototypes,
    which can conflict with char strsep(); below.  */
#include <assert.h>
/* Override any gcc2 internal prototype to avoid an error.  */
/* We use char because int might match the return type of a gcc2
    builtin and then its argument prototype would still apply.  */
char strsep();

int main() {

/* The GNU C library defines this for functions which it implements
    to always fail with ENOSYS.  Some functions are actually named
    something starting with __ and the normal name is an alias.  */
#if defined (__stub_strsep) || defined (__stub___strsep)
choke me
#else
strsep();
#endif

; return 0; }
configure:2674: checking for strftime
configure:2702: gcc -o conftest -g -O2  -I$(srcdir)/missing  conftest.c  1>&5
configure:2729: checking for ether_ntohost
configure:2757: gcc -o conftest -g -O2  -I$(srcdir)/missing  conftest.c  1>&5
configure: failed program was:
#line 2734 "configure"
#include "confdefs.h"
/* System header to define __stub macros and hopefully few prototypes,
    which can conflict with char ether_ntohost(); below.  */
#include <assert.h>
/* Override any gcc2 internal prototype to avoid an error.  */
/* We use char because int might match the return type of a gcc2
    builtin and then its argument prototype would still apply.  */
char ether_ntohost();

int main() {

/* The GNU C library defines this for functions which it implements
    to always fail with ENOSYS.  Some functions are actually named
    something starting with __ and the normal name is an alias.  */
#if defined (__stub_ether_ntohost) || defined (__stub___ether_ntohost)
choke me
#else
ether_ntohost();
#endif

; return 0; }
configure:2835: checking for setlinebuf
configure:2863: gcc -o conftest -g -O2  -I$(srcdir)/missing  conftest.c  1>&5
configure: failed program was:
#line 2840 "configure"
#include "confdefs.h"
/* System header to define __stub macros and hopefully few prototypes,
    which can conflict with char setlinebuf(); below.  */
#include <assert.h>
/* Override any gcc2 internal prototype to avoid an error.  */
/* We use char because int might match the return type of a gcc2
    builtin and then its argument prototype would still apply.  */
char setlinebuf();

int main() {

/* The GNU C library defines this for functions which it implements
    to always fail with ENOSYS.  Some functions are actually named
    something starting with __ and the normal name is an alias.  */
#if defined (__stub_setlinebuf) || defined (__stub___setlinebuf)
choke me
#else
setlinebuf();
#endif

; return 0; }
configure:2892: checking for vsnprintf
configure:2920: gcc -o conftest -g -O2  -I$(srcdir)/missing  conftest.c  1>&5
configure:2892: checking for snprintf
configure:2920: gcc -o conftest -g -O2  -I$(srcdir)/missing  conftest.c  1>&5
configure:2951: checking return type of signal handlers
configure:2973: gcc -c -g -O2  -I$(srcdir)/missing conftest.c 1>&5
configure:3015: checking for sigaction
configure:3043: gcc -o conftest -g -O2  -I$(srcdir)/missing  conftest.c  1>&5
configure: failed program was:
#line 3020 "configure"
#include "confdefs.h"
/* System header to define __stub macros and hopefully few prototypes,
    which can conflict with char sigaction(); below.  */
#include <assert.h>
/* Override any gcc2 internal prototype to avoid an error.  */
/* We use char because int might match the return type of a gcc2
    builtin and then its argument prototype would still apply.  */
char sigaction();

int main() {

/* The GNU C library defines this for functions which it implements
    to always fail with ENOSYS.  Some functions are actually named
    something starting with __ and the normal name is an alias.  */
#if defined (__stub_sigaction) || defined (__stub___sigaction)
choke me
#else
sigaction();
#endif

; return 0; }
configure:3071: checking for sigset
configure:3099: gcc -o conftest -g -O2  -I$(srcdir)/missing  conftest.c  1>&5
configure: failed program was:
#line 3076 "configure"
#include "confdefs.h"
/* System header to define __stub macros and hopefully few prototypes,
    which can conflict with char sigset(); below.  */
#include <assert.h>
/* Override any gcc2 internal prototype to avoid an error.  */
/* We use char because int might match the return type of a gcc2
    builtin and then its argument prototype would still apply.  */
char sigset();

int main() {

/* The GNU C library defines this for functions which it implements
    to always fail with ENOSYS.  Some functions are actually named
    something starting with __ and the normal name is an alias.  */
#if defined (__stub_sigset) || defined (__stub___sigset)
choke me
#else
sigset();
#endif

; return 0; }
configure:3129: checking for library containing dnet_htoa
configure:3147: gcc -o conftest -g -O2  -I$(srcdir)/missing  conftest.c  1>&5
configure: failed program was:
#line 3136 "configure"
#include "confdefs.h"
/* Override any gcc2 internal prototype to avoid an error.  */
/* We use char because int might match the return type of a gcc2
    builtin and then its argument prototype would still apply.  */
char dnet_htoa();

int main() {
dnet_htoa()
; return 0; }
configure:3169: gcc -o conftest -g -O2  -I$(srcdir)/missing  conftest.c -ldnet   1>&5
configure: failed program was:
#line 3158 "configure"
#include "confdefs.h"
/* Override any gcc2 internal prototype to avoid an error.  */
/* We use char because int might match the return type of a gcc2
    builtin and then its argument prototype would still apply.  */
char dnet_htoa();

int main() {
dnet_htoa()
; return 0; }
configure:3194: checking for main in -lrpc
configure:3209: gcc -o conftest -g -O2  -I$(srcdir)/missing  conftest.c -lrpc   1>&5
configure: failed program was:
#line 3202 "configure"
#include "confdefs.h"

int main() {
main()
; return 0; }
configure:3238: checking for library containing getrpcbynumber
configure:3256: gcc -o conftest -g -O2  -I$(srcdir)/missing  conftest.c  1>&5
configure: failed program was:
#line 3245 "configure"
#include "confdefs.h"
/* Override any gcc2 internal prototype to avoid an error.  */
/* We use char because int might match the return type of a gcc2
    builtin and then its argument prototype would still apply.  */
char getrpcbynumber();

int main() {
getrpcbynumber()
; return 0; }
configure:3278: gcc -o conftest -g -O2  -I$(srcdir)/missing  conftest.c -lnsl   1>&5
configure: failed program was:
#line 3267 "configure"
#include "confdefs.h"
/* Override any gcc2 internal prototype to avoid an error.  */
/* We use char because int might match the return type of a gcc2
    builtin and then its argument prototype would still apply.  */
char getrpcbynumber();

int main() {
getrpcbynumber()
; return 0; }
configure:3307: checking for library containing gethostbyname
configure:3325: gcc -o conftest -g -O2  -I$(srcdir)/missing  conftest.c  1>&5
configure: failed program was:
#line 3314 "configure"
#include "confdefs.h"
/* Override any gcc2 internal prototype to avoid an error.  */
/* We use char because int might match the return type of a gcc2
    builtin and then its argument prototype would still apply.  */
char gethostbyname();

int main() {
gethostbyname()
; return 0; }
configure:3347: gcc -o conftest -g -O2  -I$(srcdir)/missing  conftest.c -lnsl   1>&5
configure: failed program was:
#line 3336 "configure"
#include "confdefs.h"
/* Override any gcc2 internal prototype to avoid an error.  */
/* We use char because int might match the return type of a gcc2
    builtin and then its argument prototype would still apply.  */
char gethostbyname();

int main() {
gethostbyname()
; return 0; }
configure:3347: gcc -o conftest -g -O2  -I$(srcdir)/missing  conftest.c -lsocket   1>&5
configure: failed program was:
#line 3336 "configure"
#include "confdefs.h"
/* Override any gcc2 internal prototype to avoid an error.  */
/* We use char because int might match the return type of a gcc2
    builtin and then its argument prototype would still apply.  */
char gethostbyname();

int main() {
gethostbyname()
; return 0; }
configure:3347: gcc -o conftest -g -O2  -I$(srcdir)/missing  conftest.c -lresolv   1>&5
configure: failed program was:
#line 3336 "configure"
#include "confdefs.h"
/* Override any gcc2 internal prototype to avoid an error.  */
/* We use char because int might match the return type of a gcc2
    builtin and then its argument prototype would still apply.  */
char gethostbyname();

int main() {
gethostbyname()
; return 0; }
configure:3372: checking for gethostbyname in -lsocket
configure:3391: gcc -o conftest -g -O2  -I$(srcdir)/missing  conftest.c -lsocket -lnsl  1>&5
configure: failed program was:
#line 3380 "configure"
#include "confdefs.h"
/* Override any gcc2 internal prototype to avoid an error.  */
/* We use char because int might match the return type of a gcc2
    builtin and then its argument prototype would still apply.  */
char gethostbyname();

int main() {
gethostbyname()
; return 0; }
configure:3414: checking for library containing socket
configure:3432: gcc -o conftest -g -O2  -I$(srcdir)/missing  conftest.c  1>&5
configure: failed program was:
#line 3421 "configure"
#include "confdefs.h"
/* Override any gcc2 internal prototype to avoid an error.  */
/* We use char because int might match the return type of a gcc2
    builtin and then its argument prototype would still apply.  */
char socket();

int main() {
socket()
; return 0; }
configure:3454: gcc -o conftest -g -O2  -I$(srcdir)/missing  conftest.c -lsocket   1>&5
configure: failed program was:
#line 3443 "configure"
#include "confdefs.h"
/* Override any gcc2 internal prototype to avoid an error.  */
/* We use char because int might match the return type of a gcc2
    builtin and then its argument prototype would still apply.  */
char socket();

int main() {
socket()
; return 0; }
configure:3473: checking for socket in -lsocket
configure:3492: gcc -o conftest -g -O2  -I$(srcdir)/missing  conftest.c -lsocket -lnsl  1>&5
configure: failed program was:
#line 3481 "configure"
#include "confdefs.h"
/* Override any gcc2 internal prototype to avoid an error.  */
/* We use char because int might match the return type of a gcc2
    builtin and then its argument prototype would still apply.  */
char socket();

int main() {
socket()
; return 0; }
configure:3516: checking for library containing putmsg
configure:3534: gcc -o conftest -g -O2  -I$(srcdir)/missing  conftest.c  1>&5
configure: failed program was:
#line 3523 "configure"
#include "confdefs.h"
/* Override any gcc2 internal prototype to avoid an error.  */
/* We use char because int might match the return type of a gcc2
    builtin and then its argument prototype would still apply.  */
char putmsg();

int main() {
putmsg()
; return 0; }
configure:3556: gcc -o conftest -g -O2  -I$(srcdir)/missing  conftest.c -lstr   1>&5
configure: failed program was:
#line 3545 "configure"
#include "confdefs.h"
/* Override any gcc2 internal prototype to avoid an error.  */
/* We use char because int might match the return type of a gcc2
    builtin and then its argument prototype would still apply.  */
char putmsg();

int main() {
putmsg()
; return 0; }
configure:3642: checking for local pcap library
configure:3661: checking for main in -lpcap
configure:3676: gcc -o conftest -g -O2  -I$(srcdir)/missing  conftest.c -lpcap   1>&5
configure:3700: checking for extraneous pcap header directories
configure:3750: checking for pcap_list_datalinks
configure:3778: gcc -o conftest -g -O2  -I$(srcdir)/missing  conftest.c -lpcap  1>&5
configure: failed program was:
#line 3755 "configure"
#include "confdefs.h"
/* System header to define __stub macros and hopefully few prototypes,
    which can conflict with char pcap_list_datalinks(); below.  */
#include <assert.h>
/* Override any gcc2 internal prototype to avoid an error.  */
/* We use char because int might match the return type of a gcc2
    builtin and then its argument prototype would still apply.  */
char pcap_list_datalinks();

int main() {

/* The GNU C library defines this for functions which it implements
    to always fail with ENOSYS.  Some functions are actually named
    something starting with __ and the normal name is an alias.  */
#if defined (__stub_pcap_list_datalinks) || defined (__stub___pcap_list_datalinks)
choke me
#else
pcap_list_datalinks();
#endif

; return 0; }
configure:3802: checking for pcap_set_datalink
configure:3830: gcc -o conftest -g -O2  -I$(srcdir)/missing  conftest.c -lpcap  1>&5
configure: failed program was:
#line 3807 "configure"
#include "confdefs.h"
/* System header to define __stub macros and hopefully few prototypes,
    which can conflict with char pcap_set_datalink(); below.  */
#include <assert.h>
/* Override any gcc2 internal prototype to avoid an error.  */
/* We use char because int might match the return type of a gcc2
    builtin and then its argument prototype would still apply.  */
char pcap_set_datalink();

int main() {

/* The GNU C library defines this for functions which it implements
    to always fail with ENOSYS.  Some functions are actually named
    something starting with __ and the normal name is an alias.  */
#if defined (__stub_pcap_set_datalink) || defined (__stub___pcap_set_datalink)
choke me
#else
pcap_set_datalink();
#endif

; return 0; }
configure:3853: checking for pcap_datalink_name_to_val
configure:3881: gcc -o conftest -g -O2  -I$(srcdir)/missing  conftest.c -lpcap  1>&5
configure: failed program was:
#line 3858 "configure"
#include "confdefs.h"
/* System header to define __stub macros and hopefully few prototypes,
    which can conflict with char pcap_datalink_name_to_val(); below.  */
#include <assert.h>
/* Override any gcc2 internal prototype to avoid an error.  */
/* We use char because int might match the return type of a gcc2
    builtin and then its argument prototype would still apply.  */
char pcap_datalink_name_to_val();

int main() {

/* The GNU C library defines this for functions which it implements
    to always fail with ENOSYS.  Some functions are actually named
    something starting with __ and the normal name is an alias.  */
#if defined (__stub_pcap_datalink_name_to_val) || defined (__stub___pcap_datalink_name_to_val)
choke me
#else
pcap_datalink_name_to_val();
#endif

; return 0; }
configure:3962: checking for pcap_breakloop
configure:3990: gcc -o conftest -g -O2  -I$(srcdir)/missing  conftest.c -lpcap  1>&5
configure: failed program was:
#line 3967 "configure"
#include "confdefs.h"
/* System header to define __stub macros and hopefully few prototypes,
    which can conflict with char pcap_breakloop(); below.  */
#include <assert.h>
/* Override any gcc2 internal prototype to avoid an error.  */
/* We use char because int might match the return type of a gcc2
    builtin and then its argument prototype would still apply.  */
char pcap_breakloop();

int main() {

/* The GNU C library defines this for functions which it implements
    to always fail with ENOSYS.  Some functions are actually named
    something starting with __ and the normal name is an alias.  */
#if defined (__stub_pcap_breakloop) || defined (__stub___pcap_breakloop)
choke me
#else
pcap_breakloop();
#endif

; return 0; }
configure:4029: checking for inet_ntop
configure:4042: gcc -o conftest -g -O2  -I$(srcdir)/missing  conftest.c -lpcap  1>&5
gcc:lib/gcc-lib/amigaos/2.95.3/cpp0 fehlgeschlagen Rückgabewert 33
configure: failed program was:
#line 4031 "configure"
#include "confdefs.h"
#include <sys/types.h>
#include <sys/socket.h>
#include <netinet/in.h>
#include <arpa/inet.h>
int main() {
char src[4], dst[128];
inet_ntop(AF_INET, src, dst, sizeof(dst));
; return 0; }
configure:4054: checking for inet_pton
configure:4067: gcc -o conftest -g -O2  -I$(srcdir)/missing  conftest.c -lpcap  1>&5
gcc:lib/gcc-lib/amigaos/2.95.3/cpp0 fehlgeschlagen Rückgabewert 33
configure: failed program was:
#line 4056 "configure"
#include "confdefs.h"
#include <sys/types.h>
#include <sys/socket.h>
#include <netinet/in.h>
#include <arpa/inet.h>
int main() {
char src[128], dst[4];
inet_pton(AF_INET, src, dst);
; return 0; }
configure:4079: checking for inet_aton
configure:4092: gcc -o conftest -g -O2  -I$(srcdir)/missing  conftest.c -lpcap  1>&5
gcc:lib/gcc-lib/amigaos/2.95.3/cpp0 fehlgeschlagen Rückgabewert 33
configure: failed program was:
#line 4081 "configure"
#include "confdefs.h"
#include <sys/types.h>
#include <netinet/in.h>
#include <arpa/inet.h>
int main() {
char src[128];
struct in_addr dst;
inet_aton(src, &dst);
; return 0; }
configure:4106: checking if sockaddr struct has sa_len member
configure:4120: gcc -c -g -O2  -I$(srcdir)/missing conftest.c 1>&5
gcc:lib/gcc-lib/amigaos/2.95.3/cpp0 fehlgeschlagen Rückgabewert 33
configure: failed program was:
#line 4111 "configure"
#include "confdefs.h"

#		include <sys/types.h>
#		include <sys/socket.h>
int main() {
u_int i = sizeof(((struct sockaddr *)0)->sa_len)
; return 0; }
configure:4147: checking for pcap_findalldevs
configure:4175: gcc -o conftest -g -O2  -I$(srcdir)/missing  conftest.c -lpcap  1>&5
configure: failed program was:
#line 4152 "configure"
#include "confdefs.h"
/* System header to define __stub macros and hopefully few prototypes,
    which can conflict with char pcap_findalldevs(); below.  */
#include <assert.h>
/* Override any gcc2 internal prototype to avoid an error.  */
/* We use char because int might match the return type of a gcc2
    builtin and then its argument prototype would still apply.  */
char pcap_findalldevs();

int main() {

/* The GNU C library defines this for functions which it implements
    to always fail with ENOSYS.  Some functions are actually named
    something starting with __ and the normal name is an alias.  */
#if defined (__stub_pcap_findalldevs) || defined (__stub___pcap_findalldevs)
choke me
#else
pcap_findalldevs();
#endif

; return 0; }
configure:4147: checking for pcap_dump_flush
configure:4175: gcc -o conftest -g -O2  -I$(srcdir)/missing  conftest.c -lpcap  1>&5
configure: failed program was:
#line 4152 "configure"
#include "confdefs.h"
/* System header to define __stub macros and hopefully few prototypes,
    which can conflict with char pcap_dump_flush(); below.  */
#include <assert.h>
/* Override any gcc2 internal prototype to avoid an error.  */
/* We use char because int might match the return type of a gcc2
    builtin and then its argument prototype would still apply.  */
char pcap_dump_flush();

int main() {

/* The GNU C library defines this for functions which it implements
    to always fail with ENOSYS.  Some functions are actually named
    something starting with __ and the normal name is an alias.  */
#if defined (__stub_pcap_dump_flush) || defined (__stub___pcap_dump_flush)
choke me
#else
pcap_dump_flush();
#endif

; return 0; }
configure:4147: checking for pcap_lib_version
configure:4175: gcc -o conftest -g -O2  -I$(srcdir)/missing  conftest.c -lpcap  1>&5
configure: failed program was:
#line 4152 "configure"
#include "confdefs.h"
/* System header to define __stub macros and hopefully few prototypes,
    which can conflict with char pcap_lib_version(); below.  */
#include <assert.h>
/* Override any gcc2 internal prototype to avoid an error.  */
/* We use char because int might match the return type of a gcc2
    builtin and then its argument prototype would still apply.  */
char pcap_lib_version();

int main() {

/* The GNU C library defines this for functions which it implements
    to always fail with ENOSYS.  Some functions are actually named
    something starting with __ and the normal name is an alias.  */
#if defined (__stub_pcap_lib_version) || defined (__stub___pcap_lib_version)
choke me
#else
pcap_lib_version();
#endif

; return 0; }
configure:4201: checking whether pcap_version is defined by libpcap
configure:4218: gcc -o conftest -g -O2  -I$(srcdir)/missing  conftest.c -lpcap  1>&5
configure:4239: checking whether pcap_debug is defined by libpcap
configure:4256: gcc -o conftest -g -O2  -I$(srcdir)/missing  conftest.c -lpcap  1>&5
configure: failed program was:
#line 4241 "configure"
#include "confdefs.h"

int main() {

int
return_pcap_debug(void)
{
	extern int pcap_debug;

	return pcap_debug;
}
   
; return 0; }
configure:4278: checking whether yydebug is defined by libpcap
configure:4295: gcc -o conftest -g -O2  -I$(srcdir)/missing  conftest.c -lpcap  1>&5
configure: failed program was:
#line 4280 "configure"
#include "confdefs.h"

int main() {

	int
	return_yydebug(void)
	{
		extern int yydebug;

		return yydebug;
	}
	   
; return 0; }
configure:4318: checking for bpf_dump
configure:4346: gcc -o conftest -g -O2  -I$(srcdir)/missing  conftest.c -lpcap  1>&5
configure:4403: checking for int8_t using gcc
configure:4421: gcc -c -g -O2  -I$(srcdir)/missing conftest.c 1>&5
gcc:lib/gcc-lib/amigaos/2.95.3/cc1 fehlgeschlagen Rückgabewert 33
configure: failed program was:
#line 4408 "configure"
#include "confdefs.h"

#	include "confdefs.h"
#	include <sys/types.h>
#	if STDC_HEADERS
#	include <stdlib.h>
#	include <stddef.h>
#	endif
int main() {
int8_t i
; return 0; }
configure:4441: checking for u_int8_t using gcc
configure:4459: gcc -c -g -O2  -I$(srcdir)/missing conftest.c 1>&5
gcc:lib/gcc-lib/amigaos/2.95.3/cc1 fehlgeschlagen Rückgabewert 33
configure: failed program was:
#line 4446 "configure"
#include "confdefs.h"

#	include "confdefs.h"
#	include <sys/types.h>
#	if STDC_HEADERS
#	include <stdlib.h>
#	include <stddef.h>
#	endif
int main() {
u_int8_t i
; return 0; }
configure:4479: checking for int16_t using gcc
configure:4497: gcc -c -g -O2  -I$(srcdir)/missing conftest.c 1>&5
gcc:lib/gcc-lib/amigaos/2.95.3/cc1 fehlgeschlagen Rückgabewert 33
configure: failed program was:
#line 4484 "configure"
#include "confdefs.h"

#	include "confdefs.h"
#	include <sys/types.h>
#	if STDC_HEADERS
#	include <stdlib.h>
#	include <stddef.h>
#	endif
int main() {
int16_t i
; return 0; }
configure:4517: checking for u_int16_t using gcc
configure:4535: gcc -c -g -O2  -I$(srcdir)/missing conftest.c 1>&5
gcc:lib/gcc-lib/amigaos/2.95.3/cc1 fehlgeschlagen Rückgabewert 33
configure: failed program was:
#line 4522 "configure"
#include "confdefs.h"

#	include "confdefs.h"
#	include <sys/types.h>
#	if STDC_HEADERS
#	include <stdlib.h>
#	include <stddef.h>
#	endif
int main() {
u_int16_t i
; return 0; }
configure:4555: checking for int32_t using gcc
configure:4573: gcc -c -g -O2  -I$(srcdir)/missing conftest.c 1>&5
gcc:lib/gcc-lib/amigaos/2.95.3/cc1 fehlgeschlagen Rückgabewert 33
configure: failed program was:
#line 4560 "configure"
#include "confdefs.h"

#	include "confdefs.h"
#	include <sys/types.h>
#	if STDC_HEADERS
#	include <stdlib.h>
#	include <stddef.h>
#	endif
int main() {
int32_t i
; return 0; }
configure:4593: checking for u_int32_t using gcc
configure:4611: gcc -c -g -O2  -I$(srcdir)/missing conftest.c 1>&5
gcc:lib/gcc-lib/amigaos/2.95.3/cc1 fehlgeschlagen Rückgabewert 33
configure: failed program was:
#line 4598 "configure"
#include "confdefs.h"

#	include "confdefs.h"
#	include <sys/types.h>
#	if STDC_HEADERS
#	include <stdlib.h>
#	include <stddef.h>
#	endif
int main() {
u_int32_t i
; return 0; }
configure:4671: checking if sockaddr struct has sa_len member
configure:4685: gcc -c -g -O2  -I$(srcdir)/missing conftest.c 1>&5
gcc:lib/gcc-lib/amigaos/2.95.3/cpp0 fehlgeschlagen Rückgabewert 33
configure: failed program was:
#line 4676 "configure"
#include "confdefs.h"

#	include <sys/types.h>
#	include <sys/socket.h>
int main() {
u_int i = sizeof(((struct sockaddr *)0)->sa_len)
; return 0; }
configure:4706: checking if unaligned accesses fail
configure:4802: checking for h_errno
configure:4816: gcc -c -g -O2  -I$(srcdir)/missing conftest.c 1>&5
gcc:lib/gcc-lib/amigaos/2.95.3/cpp0 fehlgeschlagen Rückgabewert 33
configure: failed program was:
#line 4807 "configure"
#include "confdefs.h"

#		include <sys/types.h>
#		include <netdb.h>
int main() {
int foo = h_errno;
; return 0; }
configure:4844: checking for SSLeay
configure:4997: checking for a BSD compatible install
